<?xml version="1.0" encoding="UTF-8"?>
<!-- Generated by org.testng.reporters.JUnitXMLReporter -->
<testsuite hostname="SmilySood" ignored="4" name="Command line test" tests="3" failures="1" timestamp="16 Apr 2019 18:22:53 GMT" time="14.028" errors="0">
  <testcase name="test" time="0.002" classname="mercury.testcases.End2EndTest">
    <failure type="java.lang.NullPointerException">
      <![CDATA[java.lang.NullPointerException
at mercury.pages.BookAFlightPage.Loginandcredentials(BookAFlightPage.java:28)
at mercury.testcases.End2EndTest.test(End2EndTest.java:14)
... Removed 35 stack frames]]>
    </failure>
  </testcase> <!-- test -->
  <testcase name="validLoginTest" time="7.768" classname="mercury.testcases.LoginTest"/>
  <testcase name="registerTest" time="4.992" classname="mercury.testcases.RegisterTest"/>
  <testcase name="@AfterSuite tearDown" time="0.0" classname="mercury.testbase.TestBase">
    <ignored/>
  </testcase> <!-- @AfterSuite tearDown -->
  <testcase name="@AfterSuite tearDown" time="0.0" classname="mercury.testbase.TestBase">
    <ignored/>
  </testcase> <!-- @AfterSuite tearDown -->
  <testcase name="@BeforeSuite startup" time="0.0" classname="mercury.testbase.TestBase">
    <ignored/>
  </testcase> <!-- @BeforeSuite startup -->
  <testcase name="@BeforeSuite startup" time="0.0" classname="mercury.testbase.TestBase">
    <ignored/>
  </testcase> <!-- @BeforeSuite startup -->
</testsuite> <!-- Command line test -->
