<?xml version="1.0" encoding="UTF-8"?>
<testng-results skipped="0" failed="0" ignored="0" total="1" passed="1">
  <reporter-output>
  </reporter-output>
  <suite name="Default suite" duration-ms="10633" started-at="2019-04-16T18:00:22Z" finished-at="2019-04-16T18:00:33Z">
    <groups>
    </groups>
    <test name="Default test" duration-ms="10633" started-at="2019-04-16T18:00:22Z" finished-at="2019-04-16T18:00:33Z">
      <class name="mercury.testcases.Selectflighttest">
        <test-method status="PASS" signature="startup()[pri:0, instance:mercury.testcases.Selectflighttest@3dd4520b]" name="startup" is-config="true" duration-ms="8802" started-at="2019-04-16T18:00:14Z" finished-at="2019-04-16T18:00:22Z">
          <reporter-output>
          </reporter-output>
        </test-method> <!-- startup -->
        <test-method status="PASS" signature="selectflight()[pri:0, instance:mercury.testcases.Selectflighttest@3dd4520b]" name="selectflight" duration-ms="10584" started-at="2019-04-16T18:00:22Z" finished-at="2019-04-16T18:00:33Z">
          <reporter-output>
          </reporter-output>
        </test-method> <!-- selectflight -->
        <test-method status="PASS" signature="tearDown()[pri:0, instance:mercury.testcases.Selectflighttest@3dd4520b]" name="tearDown" is-config="true" duration-ms="746" started-at="2019-04-16T18:00:33Z" finished-at="2019-04-16T18:00:34Z">
          <reporter-output>
          </reporter-output>
        </test-method> <!-- tearDown -->
      </class> <!-- mercury.testcases.Selectflighttest -->
    </test> <!-- Default test -->
  </suite> <!-- Default suite -->
</testng-results>
