<?xml version="1.0" encoding="UTF-8"?>
<testng-results skipped="0" failed="0" ignored="0" total="1" passed="1">
  <reporter-output>
  </reporter-output>
  <suite name="Default suite" duration-ms="57716" started-at="2019-04-19T12:15:27Z" finished-at="2019-04-19T12:16:25Z">
    <groups>
    </groups>
    <test name="Default test" duration-ms="57716" started-at="2019-04-19T12:15:27Z" finished-at="2019-04-19T12:16:25Z">
      <class name="mercury.testcases.BookaflightTest">
        <test-method status="PASS" signature="startup()[pri:0, instance:mercury.testcases.BookaflightTest@610694f1]" name="startup" is-config="true" duration-ms="8733" started-at="2019-04-19T12:15:18Z" finished-at="2019-04-19T12:15:27Z">
          <reporter-output>
          </reporter-output>
        </test-method> <!-- startup -->
        <test-method status="PASS" signature="bookaflight(java.lang.String, java.lang.String, java.lang.String, java.lang.String, java.lang.String, java.lang.String, java.lang.String, java.lang.String, java.lang.String, java.lang.String, java.lang.String, java.lang.String, java.lang.String, java.lang.String, java.lang.String, java.lang.String, java.lang.String, java.lang.String, java.lang.String, java.lang.String, java.lang.String, java.lang.String)[pri:0, instance:mercury.testcases.BookaflightTest@610694f1]" name="bookaflight" duration-ms="56421" started-at="2019-04-19T12:15:28Z" data-provider="bookflight" finished-at="2019-04-19T12:16:25Z">
          <params>
            <param index="0">
              <value>
                <![CDATA[Smily]]>
              </value>
            </param>
            <param index="1">
              <value>
                <![CDATA[Sood]]>
              </value>
            </param>
            <param index="2">
              <value>
                <![CDATA[Hindu]]>
              </value>
            </param>
            <param index="3">
              <value>
                <![CDATA[MasterCard]]>
              </value>
            </param>
            <param index="4">
              <value>
                <![CDATA[46788584758547885]]>
              </value>
            </param>
            <param index="5">
              <value>
                <![CDATA[05]]>
              </value>
            </param>
            <param index="6">
              <value>
                <![CDATA[2010]]>
              </value>
            </param>
            <param index="7">
              <value>
                <![CDATA[Smily]]>
              </value>
            </param>
            <param index="8">
              <value>
                <![CDATA[Smile]]>
              </value>
            </param>
            <param index="9">
              <value>
                <![CDATA[Smily]]>
              </value>
            </param>
            <param index="10">
              <value>
                <![CDATA[Gurgaon]]>
              </value>
            </param>
            <param index="11">
              <value>
                <![CDATA[Gurgaon]]>
              </value>
            </param>
            <param index="12">
              <value>
                <![CDATA[Delhi(NCR)]]>
              </value>
            </param>
            <param index="13">
              <value>
                <![CDATA[Haryana]]>
              </value>
            </param>
            <param index="14">
              <value>
                <![CDATA[1254687]]>
              </value>
            </param>
            <param index="15">
              <value>
                <![CDATA[INDIA ]]>
              </value>
            </param>
            <param index="16">
              <value>
                <![CDATA[Gurgaon]]>
              </value>
            </param>
            <param index="17">
              <value>
                <![CDATA[Gurgaon]]>
              </value>
            </param>
            <param index="18">
              <value>
                <![CDATA[Delhi]]>
              </value>
            </param>
            <param index="19">
              <value>
                <![CDATA[Haryana]]>
              </value>
            </param>
            <param index="20">
              <value>
                <![CDATA[1234587]]>
              </value>
            </param>
            <param index="21">
              <value>
                <![CDATA[INDIA ]]>
              </value>
            </param>
          </params>
          <reporter-output>
          </reporter-output>
        </test-method> <!-- bookaflight -->
        <test-method status="PASS" signature="tearDown()[pri:0, instance:mercury.testcases.BookaflightTest@610694f1]" name="tearDown" is-config="true" duration-ms="797" started-at="2019-04-19T12:16:25Z" finished-at="2019-04-19T12:16:26Z">
          <reporter-output>
          </reporter-output>
        </test-method> <!-- tearDown -->
      </class> <!-- mercury.testcases.BookaflightTest -->
    </test> <!-- Default test -->
  </suite> <!-- Default suite -->
</testng-results>
