<?xml version="1.0" encoding="UTF-8" ?>
<testsuite tests="3" failures="1" name="TestSuite" time="13.669" errors="0" skipped="0">
  <properties>
[...]
</properties>
  <testcase classname="mercury.testcases.End2EndTest" name="test" time="0.062">
    <failure type="java.lang.NullPointerException">java.lang.NullPointerException
	at mercury.pages.BookAFlightPage.Loginandcredentials(BookAFlightPage.java:27)
	at mercury.testcases.End2EndTest.test(End2EndTest.java:14)
</failure>
    <system-out>Configuring TestNG with: org.apache.maven.surefire.testng.conf.TestNG652Configurator@2a3046da
</system-out>
    <system-err>SLF4J: Failed to load class &quot;org.slf4j.impl.StaticLoggerBinder&quot;.
SLF4J: Defaulting to no-operation (NOP) logger implementation
SLF4J: See http://www.slf4j.org/codes.html#StaticLoggerBinder for further details.
Apr 14, 2019 11:31:42 AM java.util.prefs.WindowsPreferences &lt;init&gt;
WARNING: Could not open/create prefs root node Software\JavaSoft\Prefs at root 0x80000002. Windows RegCreateKeyEx(...) returned error code 5.
Starting ChromeDriver 73.0.3683.68 (47787ec04b6e38e22703e856e101e840b65afe72) on port 35167
Only local connections are allowed.
Please protect ports used by ChromeDriver and related test frameworks to prevent access by malicious code.
Apr 14, 2019 11:31:53 AM org.openqa.selenium.remote.ProtocolHandshake createSession
INFO: Detected dialect: OSS
</system-err>
  </testcase>
  <testcase classname="mercury.testcases.LoginTest" name="validLoginTest" time="7.141"/>
  <testcase classname="mercury.testcases.RegisterTest" name="registerTest" time="6.466"/>
</testsuite>